Build started 1/24/2024 8:50:39 PM.
     1>Project "C:\Users\HASAN\Desktop\CompilerProject\CompilerProject\CompilerProject.vcxproj" on node 2 (Build target(s)).
     1>BisonTarget:
         Process "parser.y" bison file
         cmd.exe /C "C:\Users\HASAN\AppData\Local\Temp\tmp3ffafe0ecf934db79404310fd38432b5.cmd"
         
         start /B /WAIT /D "C:\Users\HASAN\Desktop\CompilerProject\CompilerProject\" win_bison.exe --output="parser.cpp" --defines="parser.h" --debug --verbose  "parser.y"
         exit /b %errorlevel%
       ClCompile:
         C:\Program Files (x86)\Microsoft Visual Studio 12.0\VC\bin\CL.exe /c /ZI /nologo /W3 /WX- /sdl- /Od /Oy- /D WIN32 /D _DEBUG /D _CONSOLE /D _LIB /D _UNICODE /D UNICODE /Gm /EHsc /RTC1 /MDd /GS /fp:precise /Zc:wchar_t /Zc:forScope /Fo"Debug\\" /Fd"Debug\vc120.pdb" /Gd /TP /analyze- /errorReport:prompt lexer.flex.cpp parser.cpp
         parser.cpp
     1>c:\users\hasan\desktop\compilerproject\compilerproject\parser.cpp(891): warning C4065: switch statement contains 'default' but no 'case' labels
     1>c:\users\hasan\desktop\compilerproject\compilerproject\parser.cpp(1286): warning C4065: switch statement contains 'default' but no 'case' labels
         Generating Code...
         Compiling...
         lexer.flex.cpp
     1>c:\users\hasan\desktop\compilerproject\compilerproject\lexer.l(111): warning C4996: 'strdup': The POSIX name for this item is deprecated. Instead, use the ISO C++ conformant name: _strdup. See online help for details.
                 c:\program files (x86)\microsoft visual studio 12.0\vc\include\string.h(245) : see declaration of 'strdup'
     1>c:\users\hasan\desktop\compilerproject\compilerproject\lexer.l(118): warning C4996: 'strdup': The POSIX name for this item is deprecated. Instead, use the ISO C++ conformant name: _strdup. See online help for details.
                 c:\program files (x86)\microsoft visual studio 12.0\vc\include\string.h(245) : see declaration of 'strdup'
     1>c:\users\hasan\desktop\compilerproject\compilerproject\lexer.l(120): warning C4996: 'strdup': The POSIX name for this item is deprecated. Instead, use the ISO C++ conformant name: _strdup. See online help for details.
                 c:\program files (x86)\microsoft visual studio 12.0\vc\include\string.h(245) : see declaration of 'strdup'
         Generating Code...
       Link:
         C:\Program Files (x86)\Microsoft Visual Studio 12.0\VC\bin\link.exe /ERRORREPORT:PROMPT /OUT:"C:\Users\HASAN\Desktop\CompilerProject\Debug\CompilerProject.exe" /INCREMENTAL /NOLOGO kernel32.lib user32.lib gdi32.lib winspool.lib comdlg32.lib advapi32.lib shell32.lib ole32.lib oleaut32.lib uuid.lib odbc32.lib odbccp32.lib /MANIFEST /MANIFESTUAC:"level='asInvoker' uiAccess='false'" /manifest:embed /DEBUG /PDB:"C:\Users\HASAN\Desktop\CompilerProject\Debug\CompilerProject.pdb" /SUBSYSTEM:CONSOLE /TLBID:1 /DYNAMICBASE /NXCOMPAT /IMPLIB:"C:\Users\HASAN\Desktop\CompilerProject\Debug\CompilerProject.lib" /MACHINE:X86 Debug\ast.obj
         Debug\Expr.obj
         Debug\lexer.flex.obj
         Debug\main.obj
         Debug\parser.obj
         Debug\printVisitor.obj
         Debug\statement.obj
         CompilerProject.vcxproj -> C:\Users\HASAN\Desktop\CompilerProject\Debug\CompilerProject.exe
     1>Done Building Project "C:\Users\HASAN\Desktop\CompilerProject\CompilerProject\CompilerProject.vcxproj" (Build target(s)).

Build succeeded.

Time Elapsed 00:00:04.89
